Release 14.7 - xst P.20131013 (nt64)
Copyright (c) 1995-2013 Xilinx, Inc.  All rights reserved.
--> Parameter TMPDIR set to xst/projnav.tmp


Total REAL time to Xst completion: 0.00 secs
Total CPU time to Xst completion: 0.07 secs
 
--> Parameter xsthdpdir set to xst


Total REAL time to Xst completion: 0.00 secs
Total CPU time to Xst completion: 0.07 secs
 
--> Reading design: IC74148.prj

TABLE OF CONTENTS
  1) Synthesis Options Summary
  2) HDL Parsing
  3) HDL Elaboration
  4) HDL Synthesis
       4.1) HDL Synthesis Report
  5) Advanced HDL Synthesis
       5.1) Advanced HDL Synthesis Report
  6) Low Level Synthesis
  7) Partition Report
  8) Design Summary
       8.1) Primitive and Black Box Usage
       8.2) Device utilization summary
       8.3) Partition Resource Summary
       8.4) Timing Report
            8.4.1) Clock Information
            8.4.2) Asynchronous Control Signals Information
            8.4.3) Timing Summary
            8.4.4) Timing Details
            8.4.5) Cross Clock Domains Report


=========================================================================
*                      Synthesis Options Summary                        *
=========================================================================
---- Source Parameters
Input File Name                    : "IC74148.prj"
Ignore Synthesis Constraint File   : NO

---- Target Parameters
Output File Name                   : "IC74148"
Output Format                      : NGC
Target Device                      : xa7a100t-2I-csg324

---- Source Options
Top Module Name                    : IC74148
Automatic FSM Extraction           : YES
FSM Encoding Algorithm             : Auto
Safe Implementation                : No
FSM Style                          : LUT
RAM Extraction                     : Yes
RAM Style                          : Auto
ROM Extraction                     : Yes
Shift Register Extraction          : YES
ROM Style                          : Auto
Resource Sharing                   : YES
Asynchronous To Synchronous        : NO
Shift Register Minimum Size        : 2
Use DSP Block                      : Auto
Automatic Register Balancing       : No

---- Target Options
LUT Combining                      : Auto
Reduce Control Sets                : Auto
Add IO Buffers                     : YES
Global Maximum Fanout              : 100000
Add Generic Clock Buffer(BUFG)     : 32
Register Duplication               : YES
Optimize Instantiated Primitives   : NO
Use Clock Enable                   : Auto
Use Synchronous Set                : Auto
Use Synchronous Reset              : Auto
Pack IO Registers into IOBs        : Auto
Equivalent register Removal        : YES

---- General Options
Optimization Goal                  : Speed
Optimization Effort                : 1
Power Reduction                    : NO
Keep Hierarchy                     : No
Netlist Hierarchy                  : As_Optimized
RTL Output                         : Yes
Global Optimization                : AllClockNets
Read Cores                         : YES
Write Timing Constraints           : NO
Cross Clock Analysis               : NO
Hierarchy Separator                : /
Bus Delimiter                      : <>
Case Specifier                     : Maintain
Slice Utilization Ratio            : 100
BRAM Utilization Ratio             : 100
DSP48 Utilization Ratio            : 100
Auto BRAM Packing                  : NO
Slice Utilization Ratio Delta      : 5

=========================================================================


=========================================================================
*                          HDL Parsing                                  *
=========================================================================
Parsing VHDL file "E:\Code\FPGA\IC74148\IC74148.vhd" into library work
Parsing entity <IC74148>.
Parsing architecture <Behavioral> of entity <ic74148>.

=========================================================================
*                            HDL Elaboration                            *
=========================================================================

Elaborating entity <IC74148> (architecture <Behavioral>) from library <work>.

=========================================================================
*                           HDL Synthesis                               *
=========================================================================

Synthesizing Unit <IC74148>.
    Related source file is "E:\Code\FPGA\IC74148\IC74148.vhd".
WARNING:Xst:737 - Found 1-bit latch for signal <A<2>>. Latches may be generated from incomplete case or if statements. We do not recommend the use of latches in FPGA/CPLD designs, as they may lead to timing problems.
WARNING:Xst:737 - Found 1-bit latch for signal <A<1>>. Latches may be generated from incomplete case or if statements. We do not recommend the use of latches in FPGA/CPLD designs, as they may lead to timing problems.
WARNING:Xst:737 - Found 1-bit latch for signal <A<0>>. Latches may be generated from incomplete case or if statements. We do not recommend the use of latches in FPGA/CPLD designs, as they may lead to timing problems.
WARNING:Xst:737 - Found 1-bit latch for signal <EO>. Latches may be generated from incomplete case or if statements. We do not recommend the use of latches in FPGA/CPLD designs, as they may lead to timing problems.
WARNING:Xst:737 - Found 1-bit latch for signal <GS>. Latches may be generated from incomplete case or if statements. We do not recommend the use of latches in FPGA/CPLD designs, as they may lead to timing problems.
    Summary:
	inferred   5 Latch(s).
	inferred  22 Multiplexer(s).
Unit <IC74148> synthesized.

=========================================================================
HDL Synthesis Report

Macro Statistics
# Latches                                              : 5
 1-bit latch                                           : 5
# Multiplexers                                         : 22
 1-bit 2-to-1 multiplexer                              : 22

=========================================================================

=========================================================================
*                       Advanced HDL Synthesis                          *
=========================================================================

WARNING:Xst - The specified part-type was not generated at build time. XST is loading the full part-type and will therefore consume more CPU and memory.
Loading device for application Rf_Device from file '7a100t.nph' in environment E:\Xilinzx\14.7\ISE_DS\ISE\.
Loading device for application Rf_Device from file '7a100t.nph' in environment E:\Xilinzx\14.7\ISE_DS\ISE\.

=========================================================================
Advanced HDL Synthesis Report

Macro Statistics
# Multiplexers                                         : 22
 1-bit 2-to-1 multiplexer                              : 22

=========================================================================

=========================================================================
*                         Low Level Synthesis                           *
=========================================================================
WARNING:Xst:3001 - This design contains one or more registers or latches with an active
   asynchronous set and asynchronous reset. While this circuit can be built,
   it creates a sub-optimal implementation in terms of area, power and
   performance. For a more optimal implementation Xilinx highly recommends
   one of the following:

          1) Remove either the set or reset from all registers and latches if
             not needed for required functionality
          2) Modify the code in order to produce a synchronous set
             and/or reset (both is preferred)
          3) Use the -async_to_sync option to transform the asynchronous
             set/reset to synchronous operation
             (timing simulation highly recommended when using this option)

  Please refer to http://www.xilinx.com search string "Automotive Artix7 asynchronous set/reset" for more details.

  List of register instances with asynchronous set and reset:
    GS in unit <IC74148>
    EO in unit <IC74148>
    A_2 in unit <IC74148>
    A_0 in unit <IC74148>
    A_1 in unit <IC74148>


Optimizing unit <IC74148> ...

Mapping all equations...
Building and optimizing final netlist ...
Found area constraint ratio of 100 (+ 5) on block IC74148, actual ratio is 0.

Final Macro Processing ...

=========================================================================
Final Register Report

Found no macro
=========================================================================

=========================================================================
*                           Partition Report                            *
=========================================================================

Partition Implementation Status
-------------------------------

  No Partitions were found in this design.

-------------------------------

=========================================================================
*                            Design Summary                             *
=========================================================================

Top Level Output File Name         : IC74148.ngc

Primitive and Black Box Usage:
------------------------------
# BELS                             : 24
#      GND                         : 1
#      LUT2                        : 1
#      LUT3                        : 11
#      LUT4                        : 1
#      LUT5                        : 2
#      LUT6                        : 8
# FlipFlops/Latches                : 5
#      LD                          : 5
# IO Buffers                       : 14
#      IBUF                        : 9
#      OBUF                        : 5

Device utilization summary:
---------------------------

Selected Device : xa7a100tcsg324-2i 


Slice Logic Utilization: 
 Number of Slice LUTs:                   23  out of  63400     0%  
    Number used as Logic:                23  out of  63400     0%  

Slice Logic Distribution: 
 Number of LUT Flip Flop pairs used:     23
   Number with an unused Flip Flop:      23  out of     23   100%  
   Number with an unused LUT:             0  out of     23     0%  
   Number of fully used LUT-FF pairs:     0  out of     23     0%  
   Number of unique control sets:         5

IO Utilization: 
 Number of IOs:                          14
 Number of bonded IOBs:                  14  out of    210     6%  
    IOB Flip Flops/Latches:               5

Specific Feature Utilization:

---------------------------
Partition Resource Summary:
---------------------------

  No Partitions were found in this design.

---------------------------


=========================================================================
Timing Report

NOTE: THESE TIMING NUMBERS ARE ONLY A SYNTHESIS ESTIMATE.
      FOR ACCURATE TIMING INFORMATION PLEASE REFER TO THE TRACE REPORT
      GENERATED AFTER PLACE-and-ROUTE.

Clock Information:
------------------
-----------------------------------+------------------------+-------+
Clock Signal                       | Clock buffer(FF name)  | Load  |
-----------------------------------+------------------------+-------+
A_1_G(A_1_G:O)                     | NONE(*)(A_1)           | 1     |
A_0_G(A_0_G:O)                     | NONE(*)(A_0)           | 1     |
A_2_G(A_2_G:O)                     | NONE(*)(A_2)           | 1     |
EO_G(EO_G:O)                       | NONE(*)(EO)            | 1     |
GS_G(GS_G:O)                       | NONE(*)(GS)            | 1     |
-----------------------------------+------------------------+-------+
(*) These 5 clock signal(s) are generated by combinatorial logic,
and XST is not able to identify which are the primary clock signals.
Please use the CLOCK_SIGNAL constraint to specify the clock signal(s) generated by combinatorial logic.
INFO:Xst:2169 - HDL ADVISOR - Some clock signals were not automatically buffered by XST with BUFG/BUFR resources. Please use the buffer_type constraint in order to insert these buffers to the clock signals to help prevent skew problems.

Asynchronous Control Signals Information:
----------------------------------------
No asynchronous control signals found in this design

Timing Summary:
---------------
Speed Grade: -2

   Minimum period: No path found
   Minimum input arrival time before clock: 1.975ns
   Maximum output required time after clock: 0.811ns
   Maximum combinational path delay: No path found

Timing Details:
---------------
All values displayed in nanoseconds (ns)

=========================================================================
Timing constraint: Default OFFSET IN BEFORE for Clock 'A_1_G'
  Total number of paths / destination ports: 14 / 1
-------------------------------------------------------------------------
Offset:              1.912ns (Levels of Logic = 4)
  Source:            input<3> (PAD)
  Destination:       A_1 (LATCH)
  Destination Clock: A_1_G falling

  Data Path: input<3> to A_1
                                Gate     Net
    Cell:in->out      fanout   Delay   Delay  Logical Name (Net Name)
    ----------------------------------------  ------------
     IBUF:I->O             6   0.001   0.467  input_3_IBUF (input_3_IBUF)
     LUT2:I0->O            2   0.097   0.576  Mmux_PWR_3_o_PWR_3_o_MUX_21_o1_SW0 (N2)
     LUT6:I3->O            2   0.097   0.576  in_s[8]_PWR_3_o_AND_4_o1 (in_s[8]_PWR_3_o_AND_4_o)
     LUT3:I0->O            1   0.097   0.000  A_1_D (A_1_D)
     LD:D                     -0.028          A_1
    ----------------------------------------
    Total                      1.912ns (0.292ns logic, 1.620ns route)
                                       (15.3% logic, 84.7% route)

=========================================================================
Timing constraint: Default OFFSET IN BEFORE for Clock 'A_0_G'
  Total number of paths / destination ports: 16 / 1
-------------------------------------------------------------------------
Offset:              1.912ns (Levels of Logic = 4)
  Source:            input<3> (PAD)
  Destination:       A_0 (LATCH)
  Destination Clock: A_0_G falling

  Data Path: input<3> to A_0
                                Gate     Net
    Cell:in->out      fanout   Delay   Delay  Logical Name (Net Name)
    ----------------------------------------  ------------
     IBUF:I->O             6   0.001   0.599  input_3_IBUF (input_3_IBUF)
     LUT3:I0->O            2   0.097   0.576  Mmux_PWR_3_o_PWR_3_o_MUX_30_o1_SW0 (N4)
     LUT6:I3->O            2   0.097   0.444  Mmux_PWR_3_o_PWR_3_o_MUX_30_o1 (PWR_3_o_PWR_3_o_MUX_30_o)
     LUT3:I1->O            1   0.097   0.000  A_0_D (A_0_D)
     LD:D                     -0.028          A_0
    ----------------------------------------
    Total                      1.912ns (0.292ns logic, 1.620ns route)
                                       (15.3% logic, 84.7% route)

=========================================================================
Timing constraint: Default OFFSET IN BEFORE for Clock 'A_2_G'
  Total number of paths / destination ports: 10 / 1
-------------------------------------------------------------------------
Offset:              1.565ns (Levels of Logic = 3)
  Source:            EI (PAD)
  Destination:       A_2 (LATCH)
  Destination Clock: A_2_G falling

  Data Path: EI to A_2
                                Gate     Net
    Cell:in->out      fanout   Delay   Delay  Logical Name (Net Name)
    ----------------------------------------  ------------
     IBUF:I->O            10   0.001   0.793  EI_IBUF (EI_IBUF)
     LUT5:I0->O            2   0.097   0.576  in_s[8]_PWR_3_o_AND_2_o1 (in_s[8]_PWR_3_o_AND_2_o)
     LUT3:I0->O            1   0.097   0.000  A_2_D (A_2_D)
     LD:D                     -0.028          A_2
    ----------------------------------------
    Total                      1.565ns (0.195ns logic, 1.370ns route)
                                       (12.5% logic, 87.5% route)

=========================================================================
Timing constraint: Default OFFSET IN BEFORE for Clock 'EO_G'
  Total number of paths / destination ports: 18 / 1
-------------------------------------------------------------------------
Offset:              1.975ns (Levels of Logic = 4)
  Source:            input<6> (PAD)
  Destination:       EO (LATCH)
  Destination Clock: EO_G falling

  Data Path: input<6> to EO
                                Gate     Net
    Cell:in->out      fanout   Delay   Delay  Logical Name (Net Name)
    ----------------------------------------  ------------
     IBUF:I->O             7   0.001   0.650  input_6_IBUF (input_6_IBUF)
     LUT4:I0->O            4   0.097   0.456  GND_3_o_in_s[8]_equal_2_o<8>11 (GND_3_o_in_s[8]_equal_2_o<8>1)
     LUT6:I4->O            2   0.097   0.576  in_s[8]_GND_3_o_AND_8_o1 (in_s[8]_GND_3_o_AND_8_o)
     LUT3:I0->O            1   0.097   0.000  EO_D (EO_D)
     LD:D                     -0.028          EO
    ----------------------------------------
    Total                      1.975ns (0.292ns logic, 1.683ns route)
                                       (14.8% logic, 85.2% route)

=========================================================================
Timing constraint: Default OFFSET IN BEFORE for Clock 'GS_G'
  Total number of paths / destination ports: 18 / 1
-------------------------------------------------------------------------
Offset:              1.891ns (Levels of Logic = 4)
  Source:            input<6> (PAD)
  Destination:       GS (LATCH)
  Destination Clock: GS_G falling

  Data Path: input<6> to GS
                                Gate     Net
    Cell:in->out      fanout   Delay   Delay  Logical Name (Net Name)
    ----------------------------------------  ------------
     IBUF:I->O             7   0.001   0.650  input_6_IBUF (input_6_IBUF)
     LUT4:I0->O            4   0.097   0.372  GND_3_o_in_s[8]_equal_2_o<8>11 (GND_3_o_in_s[8]_equal_2_o<8>1)
     LUT6:I5->O            2   0.097   0.576  in_s[8]_GND_3_o_AND_10_o1 (in_s[8]_GND_3_o_AND_10_o)
     LUT3:I0->O            1   0.097   0.000  GS_D (GS_D)
     LD:D                     -0.028          GS
    ----------------------------------------
    Total                      1.891ns (0.292ns logic, 1.599ns route)
                                       (15.4% logic, 84.6% route)

=========================================================================
Timing constraint: Default OFFSET OUT AFTER for Clock 'A_2_G'
  Total number of paths / destination ports: 1 / 1
-------------------------------------------------------------------------
Offset:              0.811ns (Levels of Logic = 1)
  Source:            A_2 (LATCH)
  Destination:       A<2> (PAD)
  Source Clock:      A_2_G falling

  Data Path: A_2 to A<2>
                                Gate     Net
    Cell:in->out      fanout   Delay   Delay  Logical Name (Net Name)
    ----------------------------------------  ------------
     LD:G->Q               1   0.472   0.339  A_2 (A_2)
     OBUF:I->O                 0.000          A_2_OBUF (A<2>)
    ----------------------------------------
    Total                      0.811ns (0.472ns logic, 0.339ns route)
                                       (58.2% logic, 41.8% route)

=========================================================================
Timing constraint: Default OFFSET OUT AFTER for Clock 'A_1_G'
  Total number of paths / destination ports: 1 / 1
-------------------------------------------------------------------------
Offset:              0.811ns (Levels of Logic = 1)
  Source:            A_1 (LATCH)
  Destination:       A<1> (PAD)
  Source Clock:      A_1_G falling

  Data Path: A_1 to A<1>
                                Gate     Net
    Cell:in->out      fanout   Delay   Delay  Logical Name (Net Name)
    ----------------------------------------  ------------
     LD:G->Q               1   0.472   0.339  A_1 (A_1)
     OBUF:I->O                 0.000          A_1_OBUF (A<1>)
    ----------------------------------------
    Total                      0.811ns (0.472ns logic, 0.339ns route)
                                       (58.2% logic, 41.8% route)

=========================================================================
Timing constraint: Default OFFSET OUT AFTER for Clock 'A_0_G'
  Total number of paths / destination ports: 1 / 1
-------------------------------------------------------------------------
Offset:              0.811ns (Levels of Logic = 1)
  Source:            A_0 (LATCH)
  Destination:       A<0> (PAD)
  Source Clock:      A_0_G falling

  Data Path: A_0 to A<0>
                                Gate     Net
    Cell:in->out      fanout   Delay   Delay  Logical Name (Net Name)
    ----------------------------------------  ------------
     LD:G->Q               1   0.472   0.339  A_0 (A_0)
     OBUF:I->O                 0.000          A_0_OBUF (A<0>)
    ----------------------------------------
    Total                      0.811ns (0.472ns logic, 0.339ns route)
                                       (58.2% logic, 41.8% route)

=========================================================================
Timing constraint: Default OFFSET OUT AFTER for Clock 'EO_G'
  Total number of paths / destination ports: 1 / 1
-------------------------------------------------------------------------
Offset:              0.811ns (Levels of Logic = 1)
  Source:            EO (LATCH)
  Destination:       EO (PAD)
  Source Clock:      EO_G falling

  Data Path: EO to EO
                                Gate     Net
    Cell:in->out      fanout   Delay   Delay  Logical Name (Net Name)
    ----------------------------------------  ------------
     LD:G->Q               1   0.472   0.339  EO (EO_OBUF)
     OBUF:I->O                 0.000          EO_OBUF (EO)
    ----------------------------------------
    Total                      0.811ns (0.472ns logic, 0.339ns route)
                                       (58.2% logic, 41.8% route)

=========================================================================
Timing constraint: Default OFFSET OUT AFTER for Clock 'GS_G'
  Total number of paths / destination ports: 1 / 1
-------------------------------------------------------------------------
Offset:              0.811ns (Levels of Logic = 1)
  Source:            GS (LATCH)
  Destination:       GS (PAD)
  Source Clock:      GS_G falling

  Data Path: GS to GS
                                Gate     Net
    Cell:in->out      fanout   Delay   Delay  Logical Name (Net Name)
    ----------------------------------------  ------------
     LD:G->Q               1   0.472   0.339  GS (GS_OBUF)
     OBUF:I->O                 0.000          GS_OBUF (GS)
    ----------------------------------------
    Total                      0.811ns (0.472ns logic, 0.339ns route)
                                       (58.2% logic, 41.8% route)

=========================================================================

Cross Clock Domains Report:
--------------------------

=========================================================================


Total REAL time to Xst completion: 30.00 secs
Total CPU time to Xst completion: 30.78 secs
 
--> 

Total memory usage is 813024 kilobytes

Number of errors   :    0 (   0 filtered)
Number of warnings :    7 (   0 filtered)
Number of infos    :    1 (   0 filtered)

