Running: E:\Xilinzx\14.7\ISE_DS\ISE\bin\nt64\unwrapped\fuse.exe -intstyle ise -incremental -lib secureip -o E:/Code/FPGA/BCD_counter/BCD_counter_test_isim_beh.exe -prj E:/Code/FPGA/BCD_counter/BCD_counter_test_beh.prj work.BCD_counter_test 
ISim P.20131013 (signature 0x7708f090)
Number of CPUs detected in this system: 4
Turning on mult-threading, number of parallel sub-compilation jobs: 8 
Determining compilation order of HDL files
Parsing VHDL file "E:/Code/FPGA/BCD_counter/BCD_counter.vhd" into library work
Parsing VHDL file "E:/Code/FPGA/BCD_counter/BCD_counter_test.vhd" into library work
Starting static elaboration
Completed static elaboration
Compiling package standard
Compiling package std_logic_1164
Compiling package std_logic_arith
Compiling package std_logic_unsigned
Compiling architecture behavioral of entity BCD_counter [bcd_counter_default]
Compiling architecture behavior of entity bcd_counter_test
Time Resolution for simulation is 1ps.
Waiting for 1 sub-compilation(s) to finish...
Compiled 7 VHDL Units
Built simulation executable E:/Code/FPGA/BCD_counter/BCD_counter_test_isim_beh.exe
Fuse Memory Usage: 33684 KB
Fuse CPU Usage: 437 ms
