Release 14.7 - xst P.20131013 (nt64)
Copyright (c) 1995-2013 Xilinx, Inc.  All rights reserved.
--> Parameter TMPDIR set to xst/projnav.tmp


Total REAL time to Xst completion: 0.00 secs
Total CPU time to Xst completion: 0.09 secs
 
--> Parameter xsthdpdir set to xst


Total REAL time to Xst completion: 0.00 secs
Total CPU time to Xst completion: 0.09 secs
 
--> Reading design: shift.prj

TABLE OF CONTENTS
  1) Synthesis Options Summary
  2) HDL Parsing
  3) HDL Elaboration
  4) HDL Synthesis
       4.1) HDL Synthesis Report
  5) Advanced HDL Synthesis
       5.1) Advanced HDL Synthesis Report
  6) Low Level Synthesis
  7) Partition Report
  8) Design Summary
       8.1) Primitive and Black Box Usage
       8.2) Device utilization summary
       8.3) Partition Resource Summary
       8.4) Timing Report
            8.4.1) Clock Information
            8.4.2) Asynchronous Control Signals Information
            8.4.3) Timing Summary
            8.4.4) Timing Details
            8.4.5) Cross Clock Domains Report


=========================================================================
*                      Synthesis Options Summary                        *
=========================================================================
---- Source Parameters
Input File Name                    : "shift.prj"
Ignore Synthesis Constraint File   : NO

---- Target Parameters
Output File Name                   : "shift"
Output Format                      : NGC
Target Device                      : xc6slx45t-4-fgg484

---- Source Options
Top Module Name                    : shift
Automatic FSM Extraction           : YES
FSM Encoding Algorithm             : Auto
Safe Implementation                : No
FSM Style                          : LUT
RAM Extraction                     : Yes
RAM Style                          : Auto
ROM Extraction                     : Yes
Shift Register Extraction          : YES
ROM Style                          : Auto
Resource Sharing                   : YES
Asynchronous To Synchronous        : NO
Shift Register Minimum Size        : 2
Use DSP Block                      : Auto
Automatic Register Balancing       : No

---- Target Options
LUT Combining                      : Auto
Reduce Control Sets                : Auto
Add IO Buffers                     : YES
Global Maximum Fanout              : 100000
Add Generic Clock Buffer(BUFG)     : 16
Register Duplication               : YES
Optimize Instantiated Primitives   : NO
Use Clock Enable                   : Auto
Use Synchronous Set                : Auto
Use Synchronous Reset              : Auto
Pack IO Registers into IOBs        : Auto
Equivalent register Removal        : YES

---- General Options
Optimization Goal                  : Speed
Optimization Effort                : 1
Power Reduction                    : NO
Keep Hierarchy                     : No
Netlist Hierarchy                  : As_Optimized
RTL Output                         : Yes
Global Optimization                : AllClockNets
Read Cores                         : YES
Write Timing Constraints           : NO
Cross Clock Analysis               : NO
Hierarchy Separator                : /
Bus Delimiter                      : <>
Case Specifier                     : Maintain
Slice Utilization Ratio            : 100
BRAM Utilization Ratio             : 100
DSP48 Utilization Ratio            : 100
Auto BRAM Packing                  : NO
Slice Utilization Ratio Delta      : 5

=========================================================================


=========================================================================
*                          HDL Parsing                                  *
=========================================================================
Parsing VHDL file "E:\Code\FPGA\shift\shift.vhd" into library work
Parsing entity <shift>.
Parsing architecture <Behavioral> of entity <shift>.

=========================================================================
*                            HDL Elaboration                            *
=========================================================================

Elaborating entity <shift> (architecture <Behavioral>) from library <work>.

=========================================================================
*                           HDL Synthesis                               *
=========================================================================

Synthesizing Unit <shift>.
    Related source file is "E:\Code\FPGA\shift\shift.vhd".
    Found 8-bit register for signal <output>.
    Found 1-bit register for signal <lor_out>.
    Found 8-bit register for signal <temp>.
    Summary:
	inferred  17 D-type flip-flop(s).
	inferred   3 Multiplexer(s).
Unit <shift> synthesized.

=========================================================================
HDL Synthesis Report

Macro Statistics
# Registers                                            : 3
 1-bit register                                        : 1
 8-bit register                                        : 2
# Multiplexers                                         : 3
 1-bit 2-to-1 multiplexer                              : 1
 8-bit 2-to-1 multiplexer                              : 2

=========================================================================

=========================================================================
*                       Advanced HDL Synthesis                          *
=========================================================================


=========================================================================
Advanced HDL Synthesis Report

Macro Statistics
# Registers                                            : 17
 Flip-Flops                                            : 17
# Multiplexers                                         : 3
 1-bit 2-to-1 multiplexer                              : 1
 8-bit 2-to-1 multiplexer                              : 2

=========================================================================

=========================================================================
*                         Low Level Synthesis                           *
=========================================================================

Optimizing unit <shift> ...

Mapping all equations...
Building and optimizing final netlist ...
Found area constraint ratio of 100 (+ 5) on block shift, actual ratio is 0.

Final Macro Processing ...

=========================================================================
Final Register Report

Macro Statistics
# Registers                                            : 17
 Flip-Flops                                            : 17

=========================================================================

=========================================================================
*                           Partition Report                            *
=========================================================================

Partition Implementation Status
-------------------------------

  No Partitions were found in this design.

-------------------------------

=========================================================================
*                            Design Summary                             *
=========================================================================

Top Level Output File Name         : shift.ngc

Primitive and Black Box Usage:
------------------------------
# BELS                             : 10
#      INV                         : 1
#      LUT3                        : 1
#      LUT5                        : 8
# FlipFlops/Latches                : 17
#      FD                          : 16
#      FDE                         : 1
# Clock Buffers                    : 1
#      BUFGP                       : 1
# IO Buffers                       : 20
#      IBUF                        : 11
#      OBUF                        : 9

Device utilization summary:
---------------------------

Selected Device : 6slx45tfgg484-4 


Slice Logic Utilization: 
 Number of Slice Registers:              17  out of  54576     0%  
 Number of Slice LUTs:                   10  out of  27288     0%  
    Number used as Logic:                10  out of  27288     0%  

Slice Logic Distribution: 
 Number of LUT Flip Flop pairs used:     18
   Number with an unused Flip Flop:       1  out of     18     5%  
   Number with an unused LUT:             8  out of     18    44%  
   Number of fully used LUT-FF pairs:     9  out of     18    50%  
   Number of unique control sets:         2

IO Utilization: 
 Number of IOs:                          21
 Number of bonded IOBs:                  21  out of    296     7%  

Specific Feature Utilization:
 Number of BUFG/BUFGCTRLs:                1  out of     16     6%  

---------------------------
Partition Resource Summary:
---------------------------

  No Partitions were found in this design.

---------------------------


=========================================================================
Timing Report

NOTE: THESE TIMING NUMBERS ARE ONLY A SYNTHESIS ESTIMATE.
      FOR ACCURATE TIMING INFORMATION PLEASE REFER TO THE TRACE REPORT
      GENERATED AFTER PLACE-and-ROUTE.

Clock Information:
------------------
-----------------------------------+------------------------+-------+
Clock Signal                       | Clock buffer(FF name)  | Load  |
-----------------------------------+------------------------+-------+
clk                                | BUFGP                  | 17    |
-----------------------------------+------------------------+-------+

Asynchronous Control Signals Information:
----------------------------------------
No asynchronous control signals found in this design

Timing Summary:
---------------
Speed Grade: -4

   Minimum period: 1.392ns (Maximum Frequency: 718.133MHz)
   Minimum input arrival time before clock: 2.909ns
   Maximum output required time after clock: 3.495ns
   Maximum combinational path delay: No path found

Timing Details:
---------------
All values displayed in nanoseconds (ns)

=========================================================================
Timing constraint: Default period analysis for Clock 'clk'
  Clock period: 1.392ns (frequency: 718.133MHz)
  Total number of paths / destination ports: 24 / 17
-------------------------------------------------------------------------
Delay:               1.392ns (Levels of Logic = 1)
  Source:            temp_2 (FF)
  Destination:       temp_1 (FF)
  Source Clock:      clk rising
  Destination Clock: clk rising

  Data Path: temp_2 to temp_1
                                Gate     Net
    Cell:in->out      fanout   Delay   Delay  Logical Name (Net Name)
    ----------------------------------------  ------------
     FD:C->Q               3   0.447   0.641  temp_2 (temp_2)
     LUT5:I3->O            1   0.203   0.000  Mmux_lor_in_input[7]_mux_1_OUT21 (lor_in_input[7]_mux_1_OUT<1>)
     FD:D                      0.102          temp_1
    ----------------------------------------
    Total                      1.392ns (0.752ns logic, 0.641ns route)
                                       (54.0% logic, 46.0% route)

=========================================================================
Timing constraint: Default OFFSET IN BEFORE for Clock 'clk'
  Total number of paths / destination ports: 28 / 10
-------------------------------------------------------------------------
Offset:              2.909ns (Levels of Logic = 2)
  Source:            ctrl_par (PAD)
  Destination:       lor_out (FF)
  Destination Clock: clk rising

  Data Path: ctrl_par to lor_out
                                Gate     Net
    Cell:in->out      fanout   Delay   Delay  Logical Name (Net Name)
    ----------------------------------------  ------------
     IBUF:I->O             9   1.222   0.683  ctrl_par_IBUF (ctrl_par_IBUF)
     INV:I->O              1   0.206   0.477  ctrl_par_inv1_INV_0 (ctrl_par_inv)
     FDE:CE                    0.322          lor_out
    ----------------------------------------
    Total                      2.909ns (1.750ns logic, 1.159ns route)
                                       (60.2% logic, 39.8% route)

=========================================================================
Timing constraint: Default OFFSET OUT AFTER for Clock 'clk'
  Total number of paths / destination ports: 9 / 9
-------------------------------------------------------------------------
Offset:              3.495ns (Levels of Logic = 1)
  Source:            output_7 (FF)
  Destination:       output<7> (PAD)
  Source Clock:      clk rising

  Data Path: output_7 to output<7>
                                Gate     Net
    Cell:in->out      fanout   Delay   Delay  Logical Name (Net Name)
    ----------------------------------------  ------------
     FD:C->Q               1   0.447   0.477  output_7 (output_7)
     OBUF:I->O                 2.571          output_7_OBUF (output<7>)
    ----------------------------------------
    Total                      3.495ns (3.018ns logic, 0.477ns route)
                                       (86.4% logic, 13.6% route)

=========================================================================

Cross Clock Domains Report:
--------------------------

Clock to Setup on destination clock clk
---------------+---------+---------+---------+---------+
               | Src:Rise| Src:Fall| Src:Rise| Src:Fall|
Source Clock   |Dest:Rise|Dest:Rise|Dest:Fall|Dest:Fall|
---------------+---------+---------+---------+---------+
clk            |    1.392|         |         |         |
---------------+---------+---------+---------+---------+

=========================================================================


Total REAL time to Xst completion: 7.00 secs
Total CPU time to Xst completion: 7.07 secs
 
--> 

Total memory usage is 292052 kilobytes

Number of errors   :    0 (   0 filtered)
Number of warnings :    0 (   0 filtered)
Number of infos    :    0 (   0 filtered)

